<?xml version="1.0" encoding="utf-8"?><testsuites name="pytest tests"><testsuite name="pytest" errors="0" failures="0" skipped="0" tests="15" time="9.141" timestamp="2026-07-09T16:00:53.410741+00:00" hostname="agent-env-d0bc57e7-b157-454f-9bdd-f4a1c6d65e9b"><testcase classname="tests.backend_test.TestAuth" name="test_me_ok" time="0.312" /><testcase classname="tests.backend_test.TestMemory" name="test_save_with_folder_id" time="2.402" /><testcase classname="tests.backend_test.TestAuth" name="test_me_no_token" time="0.159" /><testcase classname="tests.backend_test.TestAuth" name="test_me_invalid_token" time="0.094" /><testcase classname="tests.backend_test.TestFolders" name="test_default_folders" time="0.054" /><testcase classname="tests.backend_test.TestFolders" name="test_create_folder" time="0.097" /><testcase classname="tests.backend_test.TestOptimize" name="test_optimize" time="2.409" /><testcase classname="tests.backend_test.TestMemory" name="test_save_with_folder_name_creates" time="1.872" /><testcase classname="tests.backend_test.TestMemory" name="test_search" time="0.048" /><testcase classname="tests.backend_test.TestMemory" name="test_deploy" time="0.048" /><testcase classname="tests.backend_test.TestMemory" name="test_deploy_empty_folder" time="0.092" /><testcase classname="tests.backend_test.TestMemory" name="test_merge" time="1.579" /><testcase classname="tests.backend_test.TestMemory" name="test_recent" time="0.045" /><testcase classname="tests.backend_test.TestMemory" name="test_deployments" time="0.045" /><testcase classname="tests.backend_test.TestMemory" name="test_delete_memory" time="2.078" /></testsuite></testsuites>