<?xml version="1.0" encoding="utf-8"?><testsuites name="pytest tests"><testsuite name="pytest" errors="0" failures="0" skipped="0" tests="16" time="12.247" timestamp="2026-07-09T17:06:08.363017+00:00" hostname="agent-env-d0bc57e7-b157-454f-9bdd-f4a1c6d65e9b"><testcase classname="tests.backend_test.TestAuth" name="test_me_ok" time="0.218" /><testcase classname="tests.backend_test.TestRegression" name="test_search" time="0.228" /><testcase classname="tests.backend_test.TestAuth" name="test_me_no_token" time="0.175" /><testcase classname="tests.backend_test.TestRegression" name="test_optimize" time="1.717" /><testcase classname="tests.backend_test.TestAuth" name="test_me_invalid_token" time="0.109" /><testcase classname="tests.backend_test.TestBMFSaveAndEvolution" name="test_first_save_version_1" time="6.509" /><testcase classname="tests.backend_test.TestBMFSaveAndEvolution" name="test_second_save_evolves_to_v2_with_history" time="4.238" /><testcase classname="tests.backend_test.TestRegression" name="test_recent" time="6.654" /><testcase classname="tests.backend_test.TestRegression" name="test_deployments" time="0.055" /><testcase classname="tests.backend_test.TestDeploy" name="test_deploy_with_prompt_relevance" time="0.058" /><testcase classname="tests.backend_test.TestDeploy" name="test_deploy_empty_prompt_still_returns_context" time="0.057" /><testcase classname="tests.backend_test.TestDeploy" name="test_deploy_no_memory_400" time="0.104" /><testcase classname="tests.backend_test.TestExport" name="test_export_returns_package" time="0.060" /><testcase classname="tests.backend_test.TestBMFSaveAndEvolution" name="test_workspace_memory_shape" time="0.049" /><testcase classname="tests.backend_test.TestFolders" name="test_default_folders" time="0.050" /><testcase classname="tests.backend_test.TestFolders" name="test_create_folder" time="0.046" /></testsuite></testsuites>